# JRE version: Java(TM) SE Runtime Environment (21.0.2+13) (build 21.0.2+13-LTS-58)
# Java VM: Java HotSpot(TM) 64-Bit Server VM (21.0.2+13-LTS-58, mixed mode, sharing, tiered, compressed oops, compressed class ptrs, g1 gc, windows-amd64)
GC Precious Log:
 CardTable entry size: 512
 Card Set container configuration: InlinePtr #cards 5 size 8 Array Of Cards #cards 12 size 40 Howl #buckets 4 coarsen threshold 1843 Howl Bitmap #cards 512 size 80 coarsen threshold 460 Card regions per heap region 1 cards per card region 2048
 CPUs: 12 total, 12 available
 Memory: 15706M
 Large Page Support: Disabled
 NUMA Support: Disabled
 Compressed Oops: Enabled (32-bit)
 Heap Region Size: 1M
 Heap Min Capacity: 8M
 Heap Initial Capacity: 246M
 Heap Max Capacity: 2G
 Pre-touch: Disabled
 Parallel Workers: 10
 Concurrent Workers: 3
 Concurrent Refinement Workers: 10
 Periodic GC: Disabled
Heap:
 garbage-first heap   total 288768K, used 190917K [0x0000000080000000, 0x0000000100000000)
  region size 1024K, 18 young (18432K), 12 survivors (12288K)
 Metaspace       used 160196K, committed 163008K, reserved 1245184K
  class space    used 21029K, committed 22464K, reserved 1048576K
GC Heap History (20 events):
Event: 37.623 GC heap before
{Heap before GC invocations=36 (full 0):
 garbage-first heap   total 239616K, used 179797K [0x0000000080000000, 0x0000000100000000)
  region size 1024K, 39 young (39936K), 8 survivors (8192K)
 Metaspace       used 108140K, committed 110592K, reserved 1179648K
  class space    used 14704K, committed 15936K, reserved 1048576K
}
Event: 37.629 GC heap after
{Heap after GC invocations=37 (full 0):
 garbage-first heap   total 239616K, used 151803K [0x0000000080000000, 0x0000000100000000)
  region size 1024K, 7 young (7168K), 7 survivors (7168K)
 Metaspace       used 108140K, committed 110592K, reserved 1179648K
  class space    used 14704K, committed 15936K, reserved 1048576K
}
Event: 38.939 GC heap before
{Heap before GC invocations=38 (full 0):
 garbage-first heap   total 270336K, used 216315K [0x0000000080000000, 0x0000000100000000)
  region size 1024K, 69 young (70656K), 7 survivors (7168K)
 Metaspace       used 110562K, committed 113024K, reserved 1179648K
  class space    used 14963K, committed 16192K, reserved 1048576K
}
Event: 38.949 GC heap after
{Heap after GC invocations=39 (full 0):
 garbage-first heap   total 270336K, used 157187K [0x0000000080000000, 0x0000000100000000)
  region size 1024K, 8 young (8192K), 8 survivors (8192K)
 Metaspace       used 110562K, committed 113024K, reserved 1179648K
  class space    used 14963K, committed 16192K, reserved 1048576K
}
Event: 42.157 GC heap before
{Heap before GC invocations=39 (full 0):
 garbage-first heap   total 270336K, used 239107K [0x0000000080000000, 0x0000000100000000)
  region size 1024K, 88 young (90112K), 8 survivors (8192K)
 Metaspace       used 115045K, committed 117440K, reserved 1179648K
  class space    used 15347K, committed 16576K, reserved 1048576K
}
Event: 42.170 GC heap after
{Heap after GC invocations=40 (full 0):
 garbage-first heap   total 270336K, used 162613K [0x0000000080000000, 0x0000000100000000)
  region size 1024K, 11 young (11264K), 11 survivors (11264K)
 Metaspace       used 115045K, committed 117440K, reserved 1179648K
  class space    used 15347K, committed 16576K, reserved 1048576K
}
Event: 44.797 GC heap before
{Heap before GC invocations=40 (full 0):
 garbage-first heap   total 270336K, used 241461K [0x0000000080000000, 0x0000000100000000)
  region size 1024K, 89 young (91136K), 11 survivors (11264K)
 Metaspace       used 124747K, committed 127232K, reserved 1179648K
  class space    used 16405K, committed 17664K, reserved 1048576K
}
Event: 44.814 GC heap after
{Heap after GC invocations=41 (full 0):
 garbage-first heap   total 270336K, used 168948K [0x0000000080000000, 0x0000000100000000)
  region size 1024K, 6 young (6144K), 6 survivors (6144K)
 Metaspace       used 124747K, committed 127232K, reserved 1179648K
  class space    used 16405K, committed 17664K, reserved 1048576K
}
Event: 48.373 GC heap before
{Heap before GC invocations=42 (full 0):
 garbage-first heap   total 288768K, used 245748K [0x0000000080000000, 0x0000000100000000)
  region size 1024K, 81 young (82944K), 6 survivors (6144K)
 Metaspace       used 136246K, committed 138688K, reserved 1179648K
  class space    used 17461K, committed 18688K, reserved 1048576K
}
Event: 48.383 GC heap after
{Heap after GC invocations=43 (full 0):
 garbage-first heap   total 288768K, used 169734K [0x0000000080000000, 0x0000000100000000)
  region size 1024K, 7 young (7168K), 7 survivors (7168K)
 Metaspace       used 136246K, committed 138688K, reserved 1179648K
  class space    used 17461K, committed 18688K, reserved 1048576K
}
Event: 51.904 GC heap before
{Heap before GC invocations=43 (full 0):
 garbage-first heap   total 288768K, used 261894K [0x0000000080000000, 0x0000000100000000)
  region size 1024K, 97 young (99328K), 7 survivors (7168K)
 Metaspace       used 143761K, committed 146304K, reserved 1179648K
  class space    used 18652K, committed 19904K, reserved 1048576K
}
Event: 51.921 GC heap after
{Heap after GC invocations=44 (full 0):
 garbage-first heap   total 288768K, used 171872K [0x0000000080000000, 0x0000000100000000)
  region size 1024K, 10 young (10240K), 10 survivors (10240K)
 Metaspace       used 143761K, committed 146304K, reserved 1179648K
  class space    used 18652K, committed 19904K, reserved 1048576K
}
Event: 55.401 GC heap before
{Heap before GC invocations=44 (full 0):
 garbage-first heap   total 288768K, used 261984K [0x0000000080000000, 0x0000000100000000)
  region size 1024K, 98 young (100352K), 10 survivors (10240K)
 Metaspace       used 150167K, committed 152896K, reserved 1245184K
  class space    used 19625K, committed 20992K, reserved 1048576K
}
Event: 55.417 GC heap after
{Heap after GC invocations=45 (full 0):
 garbage-first heap   total 288768K, used 169087K [0x0000000080000000, 0x0000000100000000)
  region size 1024K, 10 young (10240K), 10 survivors (10240K)
 Metaspace       used 150167K, committed 152896K, reserved 1245184K
  class space    used 19625K, committed 20992K, reserved 1048576K
}
Event: 57.979 GC heap before
{Heap before GC invocations=46 (full 0):
 garbage-first heap   total 288768K, used 263295K [0x0000000080000000, 0x0000000100000000)
  region size 1024K, 101 young (103424K), 10 survivors (10240K)
 Metaspace       used 154367K, committed 157056K, reserved 1245184K
  class space    used 20261K, committed 21632K, reserved 1048576K
}
Event: 57.991 GC heap after
{Heap after GC invocations=47 (full 0):
 garbage-first heap   total 288768K, used 175321K [0x0000000080000000, 0x0000000100000000)
  region size 1024K, 10 young (10240K), 10 survivors (10240K)
 Metaspace       used 154367K, committed 157056K, reserved 1245184K
  class space    used 20261K, committed 21632K, reserved 1048576K
}
Event: 62.032 GC heap before
{Heap before GC invocations=47 (full 0):
 garbage-first heap   total 288768K, used 262361K [0x0000000080000000, 0x0000000100000000)
  region size 1024K, 95 young (97280K), 10 survivors (10240K)
 Metaspace       used 159750K, committed 162496K, reserved 1245184K
  class space    used 21011K, committed 22400K, reserved 1048576K
}
Event: 62.050 GC heap after
{Heap after GC invocations=48 (full 0):
 garbage-first heap   total 288768K, used 178443K [0x0000000080000000, 0x0000000100000000)
  region size 1024K, 10 young (10240K), 10 survivors (10240K)
 Metaspace       used 159750K, committed 162496K, reserved 1245184K
  class space    used 21011K, committed 22400K, reserved 1048576K
}
Event: 64.032 GC heap before
{Heap before GC invocations=48 (full 0):
 garbage-first heap   total 288768K, used 261387K [0x0000000080000000, 0x0000000100000000)
  region size 1024K, 92 young (94208K), 10 survivors (10240K)
 Metaspace       used 160161K, committed 162880K, reserved 1245184K
  class space    used 21021K, committed 22400K, reserved 1048576K
}
Event: 64.041 GC heap after
{Heap after GC invocations=49 (full 0):
 garbage-first heap   total 288768K, used 185797K [0x0000000080000000, 0x0000000100000000)
  region size 1024K, 12 young (12288K), 12 survivors (12288K)
 Metaspace       used 160161K, committed 162880K, reserved 1245184K
  class space    used 21021K, committed 22400K, reserved 1048576K
}

